Using pre-set license
Built from '2022.3/staging' branch; Version is '2022.3.14f1 (eff2de9070d8) revision 15725278'; Using compiler version '192829333'; Build Type 'Release'
OS: 'Windows 10  (10.0.19045) 64bit Core' Language: 'en' Physical Memory: 16332 MB
BatchMode: 1, IsHumanControllingUs: 0, StartBugReporterOnCrash: 0, Is64bit: 1, IsPro: 1

COMMAND LINE ARGUMENTS:
C:\Program Files\Unity\Hub\Editor\2022.3.14f1\Editor\Unity.exe
-adb2
-batchMode
-noUpm
-name
AssetImportWorker6
-projectPath
C:/Users/joseh/OneDrive/BrockU/IASC3F93/FirstUnity0
-logFile
Logs/AssetImportWorker6.log
-srvPort
6415
Successfully changed project path to: C:/Users/joseh/OneDrive/BrockU/IASC3F93/FirstUnity0
C:/Users/joseh/OneDrive/BrockU/IASC3F93/FirstUnity0
[UnityMemory] Configuration Parameters - Can be set up in boot.config
    "memorysetup-bucket-allocator-granularity=16"
    "memorysetup-bucket-allocator-bucket-count=8"
    "memorysetup-bucket-allocator-block-size=33554432"
    "memorysetup-bucket-allocator-block-count=8"
    "memorysetup-main-allocator-block-size=16777216"
    "memorysetup-thread-allocator-block-size=16777216"
    "memorysetup-gfx-main-allocator-block-size=16777216"
    "memorysetup-gfx-thread-allocator-block-size=16777216"
    "memorysetup-cache-allocator-block-size=4194304"
    "memorysetup-typetree-allocator-block-size=2097152"
    "memorysetup-profiler-bucket-allocator-granularity=16"
    "memorysetup-profiler-bucket-allocator-bucket-count=8"
    "memorysetup-profiler-bucket-allocator-block-size=33554432"
    "memorysetup-profiler-bucket-allocator-block-count=8"
    "memorysetup-profiler-allocator-block-size=16777216"
    "memorysetup-profiler-editor-allocator-block-size=1048576"
    "memorysetup-temp-allocator-size-main=16777216"
    "memorysetup-job-temp-allocator-block-size=2097152"
    "memorysetup-job-temp-allocator-block-size-background=1048576"
    "memorysetup-job-temp-allocator-reduction-small-platforms=262144"
    "memorysetup-allocator-temp-initial-block-size-main=262144"
    "memorysetup-allocator-temp-initial-block-size-worker=262144"
    "memorysetup-temp-allocator-size-background-worker=32768"
    "memorysetup-temp-allocator-size-job-worker=262144"
    "memorysetup-temp-allocator-size-preload-manager=33554432"
    "memorysetup-temp-allocator-size-nav-mesh-worker=65536"
    "memorysetup-temp-allocator-size-audio-worker=65536"
    "memorysetup-temp-allocator-size-cloud-worker=32768"
    "memorysetup-temp-allocator-size-gi-baking-worker=262144"
    "memorysetup-temp-allocator-size-gfx=262144"
Player connection [3472] Host "[IP] 192.168.0.43 [Port] 0 [Flags] 2 [Guid] 659491486 [EditorId] 659491486 [Version] 1048832 [Id] WindowsEditor(7,DESKTOP-7R598S7) [Debug] 1 [PackageName] WindowsEditor [ProjectName] Editor" joined multi-casting on [225.0.0.222:54997]...

Player connection [3472] Host "[IP] 192.168.0.43 [Port] 0 [Flags] 2 [Guid] 659491486 [EditorId] 659491486 [Version] 1048832 [Id] WindowsEditor(7,DESKTOP-7R598S7) [Debug] 1 [PackageName] WindowsEditor [ProjectName] Editor" joined alternative multi-casting on [225.0.0.222:34997]...

[Physics::Module] Initialized MultithreadedJobDispatcher with 15 workers.
Refreshing native plugins compatible for Editor in 11.71 ms, found 4 plugins.
Preloading 0 native plugins for Editor in 0.00 ms.
Initialize engine version: 2022.3.14f1 (eff2de9070d8)
[Subsystems] Discovering subsystems at path C:/Program Files/Unity/Hub/Editor/2022.3.14f1/Editor/Data/Resources/UnitySubsystems
[Subsystems] Discovering subsystems at path C:/Users/joseh/OneDrive/BrockU/IASC3F93/FirstUnity0/Assets
GfxDevice: creating device client; threaded=0; jobified=0
Direct3D:
    Version:  Direct3D 11.0 [level 11.1]
    Renderer: AMD Radeon RX 6800 (ID=0x73bf)
    Vendor:   ATI
    VRAM:     16338 MB
    Driver:   31.0.21023.2010
Initialize mono
Mono path[0] = 'C:/Program Files/Unity/Hub/Editor/2022.3.14f1/Editor/Data/Managed'
Mono path[1] = 'C:/Program Files/Unity/Hub/Editor/2022.3.14f1/Editor/Data/MonoBleedingEdge/lib/mono/unityjit-win32'
Mono config path = 'C:/Program Files/Unity/Hub/Editor/2022.3.14f1/Editor/Data/MonoBleedingEdge/etc'
Using monoOptions --debugger-agent=transport=dt_socket,embedding=1,server=y,suspend=n,address=127.0.0.1:56940
Begin MonoManager ReloadAssembly
Registering precompiled unity dll's ...
Register platform support module: C:/Program Files/Unity/Hub/Editor/2022.3.14f1/Editor/Data/PlaybackEngines/WebGLSupport/UnityEditor.WebGL.Extensions.dll
Register platform support module: C:/Program Files/Unity/Hub/Editor/2022.3.14f1/Editor/Data/PlaybackEngines/WindowsStandaloneSupport/UnityEditor.WindowsStandalone.Extensions.dll
Registered in 0.014198 seconds.
- Loaded All Assemblies, in  0.354 seconds
Native extension for WindowsStandalone target not found
Native extension for WebGL target not found
Mono: successfully reloaded assembly
- Finished resetting the current domain, in  0.237 seconds
Domain Reload Profiling: 589ms
	BeginReloadAssembly (113ms)
		ExecutionOrderSort (0ms)
		DisableScriptedObjects (0ms)
		BackupInstance (0ms)
		ReleaseScriptingObjects (0ms)
		CreateAndSetChildDomain (1ms)
	RebuildCommonClasses (32ms)
	RebuildNativeTypeToScriptingClass (12ms)
	initialDomainReloadingComplete (66ms)
	LoadAllAssembliesAndSetupDomain (128ms)
		LoadAssemblies (110ms)
		RebuildTransferFunctionScriptingTraits (0ms)
		AnalyzeDomain (126ms)
			TypeCache.Refresh (125ms)
				TypeCache.ScanAssembly (114ms)
			ScanForSourceGeneratedMonoScriptInfo (0ms)
			ResolveRequiredComponents (0ms)
	FinalizeReload (238ms)
		ReleaseScriptCaches (0ms)
		RebuildScriptCaches (0ms)
		SetupLoadedEditorAssemblies (183ms)
			LogAssemblyErrors (0ms)
			InitializePlatformSupportModulesInManaged (11ms)
			SetLoadedEditorAssemblies (6ms)
			RefreshPlugins (0ms)
			BeforeProcessingInitializeOnLoad (2ms)
			ProcessInitializeOnLoadAttributes (119ms)
			ProcessInitializeOnLoadMethodAttributes (45ms)
			AfterProcessingInitializeOnLoad (0ms)
			EditorAssembliesLoaded (0ms)
		ExecutionOrderSort2 (0ms)
		AwakeInstancesAfterBackupRestoration (0ms)
========================================================================
Worker process is ready to serve import requests
Begin MonoManager ReloadAssembly
- Loaded All Assemblies, in  0.684 seconds
Refreshing native plugins compatible for Editor in 4.52 ms, found 4 plugins.
Native extension for WindowsStandalone target not found
Native extension for WebGL target not found
Package Manager log level set to [2]
[Package Manager] Server::EnsureServerProcessIsRunning -- launch failed, reason: Unity was launched with the -noUpm command-line argument
[Package Manager] UpmClient::Send -- Unable to send message (not connected to UPM process).
[Package Manager] Cannot connect to Unity Package Manager local server
[ScriptCompilation] NOT recompiling all scripts because this is an import worker process. Reason to compile was: Define symbols changed
Mono: successfully reloaded assembly
- Finished resetting the current domain, in  0.884 seconds
Domain Reload Profiling: 1564ms
	BeginReloadAssembly (138ms)
		ExecutionOrderSort (0ms)
		DisableScriptedObjects (5ms)
		BackupInstance (0ms)
		ReleaseScriptingObjects (0ms)
		CreateAndSetChildDomain (19ms)
	RebuildCommonClasses (31ms)
	RebuildNativeTypeToScriptingClass (10ms)
	initialDomainReloadingComplete (41ms)
	LoadAllAssembliesAndSetupDomain (459ms)
		LoadAssemblies (354ms)
		RebuildTransferFunctionScriptingTraits (0ms)
		AnalyzeDomain (186ms)
			TypeCache.Refresh (156ms)
				TypeCache.ScanAssembly (143ms)
			ScanForSourceGeneratedMonoScriptInfo (22ms)
			ResolveRequiredComponents (6ms)
	FinalizeReload (884ms)
		ReleaseScriptCaches (0ms)
		RebuildScriptCaches (0ms)
		SetupLoadedEditorAssemblies (735ms)
			LogAssemblyErrors (0ms)
			InitializePlatformSupportModulesInManaged (10ms)
			SetLoadedEditorAssemblies (7ms)
			RefreshPlugins (0ms)
			BeforeProcessingInitializeOnLoad (140ms)
			ProcessInitializeOnLoadAttributes (549ms)
			ProcessInitializeOnLoadMethodAttributes (19ms)
			AfterProcessingInitializeOnLoad (9ms)
			EditorAssembliesLoaded (0ms)
		ExecutionOrderSort2 (0ms)
		AwakeInstancesAfterBackupRestoration (8ms)
Launched and connected shader compiler UnityShaderCompiler.exe after 0.04 seconds
Refreshing native plugins compatible for Editor in 4.65 ms, found 4 plugins.
Preloading 0 native plugins for Editor in 0.00 ms.
Unloading 4484 Unused Serialized files (Serialized files now loaded: 0)
Unloading 84 unused Assets / (2.7 MB). Loaded Objects now: 4930.
Memory consumption went from 184.5 MB to 181.8 MB.
Total: 3.907400 ms (FindLiveObjects: 0.441800 ms CreateObjectMapping: 0.125400 ms MarkObjects: 2.754300 ms  DeleteObjects: 0.585100 ms)

AssetImportParameters requested are different than current active one (requested -> active):
  custom:container-demuxer-ogg: 62fdf1f143b41e24485cea50d1cbac27 -> 
  custom:video-decoder-ogg-theora: a1e56fd34408186e4bbccfd4996cb3dc -> 
  custom:framework-win-MediaFoundation: 216162199b28c13a410421893ffa2e32 -> 
  custom:CustomObjectIndexerAttribute: 756ad292c208cfabdd7b50bc23989ffe -> 
  custom:container-demuxer-webm: 4f35f7cbe854078d1ac9338744f61a02 -> 
  custom:container-muxer-webm: aa71ff27fc2769a1b78a27578f13a17b -> 
  custom:video-decoder-webm-vp8: 9c59270c3fd7afecdb556c50c9e8de78 -> 
  custom:SearchIndexIgnoredProperties: e643bd26f0fe6173181afceb89e7c659 -> 
  custom:AudioImporter_EditorPlatform: d09bf68614088b80899f8185d706f6e7 -> 
  custom:video-encoder-webm-vp8: eb34c28f22e8b96e1ab97ce403110664 -> 
  custom:audio-decoder-ogg-vorbis: bf7c407c2cedff20999df2af8eb42d56 -> 
  custom:audio-encoder-webm-vorbis: bf7c407c2cedff20999df2af8eb42d56 -> 
========================================================================
Received Import Request.
  Time since last request: 520415.149445 seconds.
  path: Assets/Materials/New Material 1.mat
  artifactKey: Guid(4781ec227f00d3e41aa994887d7f12a5) Importer(815301076,1909f56bfc062723c751e8b465ee728b)
Start importing Assets/Materials/New Material 1.mat using Guid(4781ec227f00d3e41aa994887d7f12a5) Importer(815301076,1909f56bfc062723c751e8b465ee728b)  -> (artifact id: 'f9ad453f661fc4148a7dc32e9ca46bab') in 0.093042 seconds
Number of updated asset objects reloaded before import = 0
Number of asset objects unloaded after import = 1
========================================================================
Received Import Request.
  Time since last request: 23.600250 seconds.
  path: Assets/Office Room Furniture
  artifactKey: Guid(fb35958e23d6dad4295d416887c2b58a) Importer(815301076,1909f56bfc062723c751e8b465ee728b)
Start importing Assets/Office Room Furniture using Guid(fb35958e23d6dad4295d416887c2b58a) Importer(815301076,1909f56bfc062723c751e8b465ee728b)  -> (artifact id: 'ba739919edd6755e9045a0c55686d2c4') in 0.000417 seconds
Number of updated asset objects reloaded before import = 0
Number of asset objects unloaded after import = 0
========================================================================
Received Import Request.
  Time since last request: 144.770212 seconds.
  path: Assets/modularRalingSet
  artifactKey: Guid(68a5b80343476c14d8c3338194f20cae) Importer(815301076,1909f56bfc062723c751e8b465ee728b)
Start importing Assets/modularRalingSet using Guid(68a5b80343476c14d8c3338194f20cae) Importer(815301076,1909f56bfc062723c751e8b465ee728b)  -> (artifact id: '1cf02335b2b4d2d3193ec24406a3709b') in 0.000467 seconds
Number of updated asset objects reloaded before import = 0
Number of asset objects unloaded after import = 0
========================================================================
Received Import Request.
  Time since last request: 2.372949 seconds.
  path: Assets/ProBuilder Data
  artifactKey: Guid(3c5cda6b06883954da256fd38146f4b9) Importer(815301076,1909f56bfc062723c751e8b465ee728b)
Start importing Assets/ProBuilder Data using Guid(3c5cda6b06883954da256fd38146f4b9) Importer(815301076,1909f56bfc062723c751e8b465ee728b)  -> (artifact id: '58eae9da7940dd6414d56121e9603d69') in 0.000394 seconds
Number of updated asset objects reloaded before import = 0
Number of asset objects unloaded after import = 0
========================================================================
Received Import Request.
  Time since last request: 2.929353 seconds.
  path: Assets/Office Room Furniture/Demo
  artifactKey: Guid(f15957d5d4125da42ace12061c966d95) Importer(815301076,1909f56bfc062723c751e8b465ee728b)
Start importing Assets/Office Room Furniture/Demo using Guid(f15957d5d4125da42ace12061c966d95) Importer(815301076,1909f56bfc062723c751e8b465ee728b)  -> (artifact id: '2d29c3ed47f109fce2e62b69703408ec') in 0.000437 seconds
Number of updated asset objects reloaded before import = 0
Number of asset objects unloaded after import = 0
========================================================================
Received Import Request.
  Time since last request: 0.557000 seconds.
  path: Assets/Office Room Furniture/Office
  artifactKey: Guid(708aabb91a916e8498b47b4f5ad447cb) Importer(815301076,1909f56bfc062723c751e8b465ee728b)
Start importing Assets/Office Room Furniture/Office using Guid(708aabb91a916e8498b47b4f5ad447cb) Importer(815301076,1909f56bfc062723c751e8b465ee728b)  -> (artifact id: '222841af158f2cf15e846cdaf41e51ef') in 0.000377 seconds
Number of updated asset objects reloaded before import = 0
Number of asset objects unloaded after import = 0
========================================================================
Received Import Request.
  Time since last request: 0.951672 seconds.
  path: Assets/Office Room Furniture/Office/Models
  artifactKey: Guid(0bf55a70e9c6d10478dabdaf5f80e2b4) Importer(815301076,1909f56bfc062723c751e8b465ee728b)
Start importing Assets/Office Room Furniture/Office/Models using Guid(0bf55a70e9c6d10478dabdaf5f80e2b4) Importer(815301076,1909f56bfc062723c751e8b465ee728b)  -> (artifact id: 'b65c79ef487bccd34545750e98d598cb') in 0.000399 seconds
Number of updated asset objects reloaded before import = 0
Number of asset objects unloaded after import = 0
========================================================================
Received Import Request.
  Time since last request: 0.717312 seconds.
  path: Assets/Office Room Furniture/Office/Materials
  artifactKey: Guid(6941403cabb6958428a9ec3850ffbe1c) Importer(815301076,1909f56bfc062723c751e8b465ee728b)
Start importing Assets/Office Room Furniture/Office/Materials using Guid(6941403cabb6958428a9ec3850ffbe1c) Importer(815301076,1909f56bfc062723c751e8b465ee728b)  -> (artifact id: 'a757d58d517d292ace85cfee4211967e') in 0.000406 seconds
Number of updated asset objects reloaded before import = 0
Number of asset objects unloaded after import = 0
========================================================================
Received Import Request.
  Time since last request: 0.736487 seconds.
  path: Assets/Office Room Furniture/Office/Prefabs
  artifactKey: Guid(8cd4f88d01ffe034bb32ed1d900e5692) Importer(815301076,1909f56bfc062723c751e8b465ee728b)
Start importing Assets/Office Room Furniture/Office/Prefabs using Guid(8cd4f88d01ffe034bb32ed1d900e5692) Importer(815301076,1909f56bfc062723c751e8b465ee728b)  -> (artifact id: '803848a348a7f974a77c29accb3999a2') in 0.000418 seconds
Number of updated asset objects reloaded before import = 0
Number of asset objects unloaded after import = 0
========================================================================
Received Import Request.
  Time since last request: 1.067209 seconds.
  path: Assets/Office Room Furniture/Office/Textures
  artifactKey: Guid(3b93bd5f6b161b048840f2e1ad8310e1) Importer(815301076,1909f56bfc062723c751e8b465ee728b)
Start importing Assets/Office Room Furniture/Office/Textures using Guid(3b93bd5f6b161b048840f2e1ad8310e1) Importer(815301076,1909f56bfc062723c751e8b465ee728b)  -> (artifact id: 'c57f667442bd4d25a245b54f88cde78c') in 0.000392 seconds
Number of updated asset objects reloaded before import = 0
Number of asset objects unloaded after import = 0
========================================================================
Received Import Request.
  Time since last request: 3.167589 seconds.
  path: Assets/Office Room Furniture/Office/Prefabs/Armchair_1.prefab
  artifactKey: Guid(02baaf1bd178fdb4d841e92a9f71d6e5) Importer(815301076,1909f56bfc062723c751e8b465ee728b)
Start importing Assets/Office Room Furniture/Office/Prefabs/Armchair_1.prefab using Guid(02baaf1bd178fdb4d841e92a9f71d6e5) Importer(815301076,1909f56bfc062723c751e8b465ee728b)  -> (artifact id: '07fc1fe1331c171e0a28a6e4cd703a53') in 0.156363 seconds
Number of updated asset objects reloaded before import = 0
Number of asset objects unloaded after import = 11
========================================================================
Received Import Request.
  Time since last request: 0.000014 seconds.
  path: Assets/Office Room Furniture/Office/Prefabs/MouseKeyboard_1.prefab
  artifactKey: Guid(bbc921e76de47404897b9ee2df795603) Importer(815301076,1909f56bfc062723c751e8b465ee728b)
Start importing Assets/Office Room Furniture/Office/Prefabs/MouseKeyboard_1.prefab using Guid(bbc921e76de47404897b9ee2df795603) Importer(815301076,1909f56bfc062723c751e8b465ee728b)  -> (artifact id: 'f9dc66b0ab53da4ec4726e5b9afb81c3') in 0.036591 seconds
Number of updated asset objects reloaded before import = 0
Number of asset objects unloaded after import = 18
========================================================================
Received Import Request.
  Time since last request: 0.000024 seconds.
  path: Assets/Office Room Furniture/Office/Prefabs/Monitor_1.prefab
  artifactKey: Guid(9e2e17fdb01b85349a2b8ba3c9e349fb) Importer(815301076,1909f56bfc062723c751e8b465ee728b)
Start importing Assets/Office Room Furniture/Office/Prefabs/Monitor_1.prefab using Guid(9e2e17fdb01b85349a2b8ba3c9e349fb) Importer(815301076,1909f56bfc062723c751e8b465ee728b)  -> (artifact id: '017267cae0f4be7fd0847a2ae73d90f9') in 0.017059 seconds
Number of updated asset objects reloaded before import = 0
Number of asset objects unloaded after import = 12
========================================================================
Received Import Request.
  Time since last request: 0.000018 seconds.
  path: Assets/Office Room Furniture/Office/Prefabs/OfficeChair_1.prefab
  artifactKey: Guid(36a7c36a016378e4a8f00004c68a1f3d) Importer(815301076,1909f56bfc062723c751e8b465ee728b)
Start importing Assets/Office Room Furniture/Office/Prefabs/OfficeChair_1.prefab using Guid(36a7c36a016378e4a8f00004c68a1f3d) Importer(815301076,1909f56bfc062723c751e8b465ee728b)  -> (artifact id: '7044bd2edee275fe3a2dd7f829405cc4') in 0.026934 seconds
Number of updated asset objects reloaded before import = 0
Number of asset objects unloaded after import = 11
========================================================================
Received Import Request.
  Time since last request: 0.000017 seconds.
  path: Assets/Office Room Furniture/Office/Prefabs/Objects_1.prefab
  artifactKey: Guid(b39af83ea51e1f74fa9441c571c84b2d) Importer(815301076,1909f56bfc062723c751e8b465ee728b)
Start importing Assets/Office Room Furniture/Office/Prefabs/Objects_1.prefab using Guid(b39af83ea51e1f74fa9441c571c84b2d) Importer(815301076,1909f56bfc062723c751e8b465ee728b)  -> (artifact id: '977db28c27708ee85f17b0fe66b647a8') in 0.257960 seconds
Number of updated asset objects reloaded before import = 0
Number of asset objects unloaded after import = 29
Editor requested this worker to shutdown with reason: Scaling down because of idle timeout
TcpMessagingSession - receive error: operation aborted. errorcode: 995, details: The I/O operation has been aborted because of either a thread exit or an application request.
AssetImportWorker is now disconnected from the server
Process exiting
Exiting without the bug reporter. Application will terminate with return code 0